<?xml version="1.0" encoding="UTF-8"?>
<robot generator="Robot 7.2 (Python 3.13.1 on win32)" generated="2025-01-20T11:27:24.786935" rpa="false" schemaversion="5">
<suite id="s1" name="Test Demoqa" source="C:\Users\Administrateur\Desktop\robot-framework-init\tests\test_demoqa.robot">
<test id="s1-t1" name="Scenario: Test the Bookstore Application" line="7">
<kw name="Given I Am On The Bookstore Application" owner="keywords_demoqa">
<kw name="Open Website Homepage" owner="keywords_common">
<kw name="Open Browser" owner="SeleniumLibrary">
<msg time="2025-01-20T11:27:25.286854" level="INFO">Opening browser 'chrome' to base url 'https://demoqa.com/books'.</msg>
<arg>${url}</arg>
<arg>${BROWSER}</arg>
<doc>Opens a new browser instance to the optional ``url``.</doc>
<status status="PASS" start="2025-01-20T11:27:25.286633" elapsed="1.819208"/>
</kw>
<kw name="Maximize Browser Window" owner="SeleniumLibrary">
<doc>Maximizes current browser window.</doc>
<status status="PASS" start="2025-01-20T11:27:27.106018" elapsed="0.028298"/>
</kw>
<kw name="Wait Until Page Contains Element" owner="SeleniumLibrary">
<arg>css=body</arg>
<doc>Waits until the element ``locator`` appears on the current page.</doc>
<status status="PASS" start="2025-01-20T11:27:27.134526" elapsed="0.019560"/>
</kw>
<kw name="Wait Until Page Contains" owner="SeleniumLibrary">
<arg>text=${site_name}</arg>
<doc>Waits until ``text`` appears on the current page.</doc>
<status status="PASS" start="2025-01-20T11:27:27.154325" elapsed="0.010176"/>
</kw>
<arg>${DMQ_URL}[bk]</arg>
<arg>${PAGE_NAME}[bk]</arg>
<doc>Open the website homepage.</doc>
<status status="PASS" start="2025-01-20T11:27:25.285930" elapsed="1.878678"/>
</kw>
<kw name="Verify The Page Is Correct" owner="keywords_demoqa">
<kw name="Wait Until Page Contains" owner="SeleniumLibrary">
<arg>${page_name}</arg>
<doc>Waits until ``text`` appears on the current page.</doc>
<status status="PASS" start="2025-01-20T11:27:27.165072" elapsed="0.006308"/>
</kw>
<kw name="Wait Until Page Contains Element" owner="SeleniumLibrary">
<arg>${spe_loc}</arg>
<doc>Waits until the element ``locator`` appears on the current page.</doc>
<status status="PASS" start="2025-01-20T11:27:27.171590" elapsed="0.009117"/>
</kw>
<arg>${PAGE_NAME}[bk]</arg>
<arg>spe_loc=${SPE_LOC}[bk]</arg>
<doc>Verify the page is correct.</doc>
<status status="PASS" start="2025-01-20T11:27:27.164788" elapsed="0.016023"/>
</kw>
<doc>Open the Bookstore application.</doc>
<status status="PASS" start="2025-01-20T11:27:25.285612" elapsed="1.895247"/>
</kw>
<kw name="When I Search For ${BOOK_TITLE}" owner="keywords_demoqa" source_name="I Search For ${BOOK_TITLE}">
<kw name="Type The Book Title In The Search Bar" owner="keywords_demoqa">
<kw name="Input Text" owner="SeleniumLibrary">
<msg time="2025-01-20T11:27:27.181749" level="INFO">Typing text 'Designing Evolvable' into text field 'xpath=//*[@id="searchBox"]'.</msg>
<arg>xpath=//*[@id="searchBox"]</arg>
<arg>${book_title}</arg>
<doc>Types the given ``text`` into the text field identified by ``locator``.</doc>
<status status="PASS" start="2025-01-20T11:27:27.181609" elapsed="0.256782"/>
</kw>
<kw name="Press Keys" owner="SeleniumLibrary">
<msg time="2025-01-20T11:27:27.438884" level="INFO">Sending key(s) ('ENTER',) to xpath=//*[@id="searchBox"] element.</msg>
<msg time="2025-01-20T11:27:27.730798" level="INFO">Pressing special key ENTER to element.</msg>
<msg time="2025-01-20T11:27:27.730869" level="INFO">Releasing special key ENTER.</msg>
<arg>xpath=//*[@id="searchBox"]</arg>
<arg>ENTER</arg>
<doc>Simulates the user pressing key(s) to an element or on the active browser.</doc>
<status status="PASS" start="2025-01-20T11:27:27.438561" elapsed="0.296464"/>
</kw>
<arg>${BOOK_TITLE}</arg>
<doc>Type the book title in the search bar.</doc>
<status status="PASS" start="2025-01-20T11:27:27.181436" elapsed="0.553753"/>
</kw>
<doc>Search for the book title.</doc>
<status status="PASS" start="2025-01-20T11:27:27.181176" elapsed="0.554078"/>
</kw>
<kw name="Then I Should Be Able To See The Corresponding Author" owner="keywords_demoqa">
<kw name="Verify The Correct Book Is Displayed" owner="keywords_demoqa">
<kw name="Wait Until Page Contains" owner="SeleniumLibrary">
<arg>${book_title}</arg>
<doc>Waits until ``text`` appears on the current page.</doc>
<status status="PASS" start="2025-01-20T11:27:27.736295" elapsed="0.009773"/>
</kw>
<kw name="Wait Until Page Contains" owner="SeleniumLibrary">
<arg>${author}</arg>
<doc>Waits until ``text`` appears on the current page.</doc>
<status status="PASS" start="2025-01-20T11:27:27.746233" elapsed="0.010002"/>
</kw>
<arg>${BOOK_TITLE}</arg>
<arg>${AUTHOR}</arg>
<doc>Verify the correct book is displayed.</doc>
<status status="PASS" start="2025-01-20T11:27:27.735936" elapsed="0.020481"/>
</kw>
<kw name="Close Browser" owner="keywords_common">
<kw name="Close All Browsers" owner="SeleniumLibrary">
<doc>Closes all open browsers and resets the browser cache.</doc>
<status status="PASS" start="2025-01-20T11:27:27.756920" elapsed="2.112883"/>
</kw>
<doc>Close the browser.</doc>
<status status="PASS" start="2025-01-20T11:27:27.756666" elapsed="2.113391"/>
</kw>
<doc>Verify the corresponding author is displayed.</doc>
<status status="PASS" start="2025-01-20T11:27:27.735569" elapsed="2.134563"/>
</kw>
<doc>This test verifies the user can interact with the Bookstore application</doc>
<status status="PASS" start="2025-01-20T11:27:25.284734" elapsed="4.586128"/>
</test>
<test id="s1-t2" name="Scenario: Test the Bookstore Login" line="15">
<kw name="Given I Register From The Bookstore Login Page" owner="keywords_demoqa">
<kw name="Open Website Homepage" owner="keywords_common">
<kw name="Open Browser" owner="SeleniumLibrary">
<msg time="2025-01-20T11:27:29.874260" level="INFO">Opening browser 'chrome' to base url 'https://demoqa.com/login'.</msg>
<arg>${url}</arg>
<arg>${BROWSER}</arg>
<doc>Opens a new browser instance to the optional ``url``.</doc>
<status status="PASS" start="2025-01-20T11:27:29.874036" elapsed="1.812765"/>
</kw>
<kw name="Maximize Browser Window" owner="SeleniumLibrary">
<doc>Maximizes current browser window.</doc>
<status status="PASS" start="2025-01-20T11:27:31.687035" elapsed="0.041917"/>
</kw>
<kw name="Wait Until Page Contains Element" owner="SeleniumLibrary">
<arg>css=body</arg>
<doc>Waits until the element ``locator`` appears on the current page.</doc>
<status status="PASS" start="2025-01-20T11:27:31.729111" elapsed="0.009330"/>
</kw>
<kw name="Wait Until Page Contains" owner="SeleniumLibrary">
<arg>text=${site_name}</arg>
<doc>Waits until ``text`` appears on the current page.</doc>
<status status="PASS" start="2025-01-20T11:27:31.738666" elapsed="0.010605"/>
</kw>
<arg>${DMQ_URL}[log]</arg>
<arg>${PAGE_NAME}[log]</arg>
<doc>Open the website homepage.</doc>
<status status="PASS" start="2025-01-20T11:27:29.873648" elapsed="1.875712"/>
</kw>
<kw name="Verify The Page Is Correct" owner="keywords_demoqa">
<kw name="Wait Until Page Contains" owner="SeleniumLibrary">
<arg>${page_name}</arg>
<doc>Waits until ``text`` appears on the current page.</doc>
<status status="PASS" start="2025-01-20T11:27:31.749781" elapsed="0.006785"/>
</kw>
<kw name="Wait Until Page Contains Element" owner="SeleniumLibrary">
<arg>${spe_loc}</arg>
<doc>Waits until the element ``locator`` appears on the current page.</doc>
<status status="PASS" start="2025-01-20T11:27:31.756724" elapsed="0.008076"/>
</kw>
<arg>${PAGE_NAME}[log]</arg>
<arg>spe_loc=${SPE_LOC}[log]</arg>
<doc>Verify the page is correct.</doc>
<status status="PASS" start="2025-01-20T11:27:31.749499" elapsed="0.015381"/>
</kw>
<kw name="Navigate To The Register Page" owner="keywords_demoqa">
<kw name="Wait Until Page Contains Element" owner="SeleniumLibrary">
<arg>//*[@id="newUser"]</arg>
<doc>Waits until the element ``locator`` appears on the current page.</doc>
<status status="PASS" start="2025-01-20T11:27:31.765201" elapsed="0.010880"/>
</kw>
<kw name="Click Element" owner="SeleniumLibrary">
<msg time="2025-01-20T11:27:31.776410" level="INFO">Clicking element '//*[@id="newUser"]'.</msg>
<arg>//*[@id="newUser"]</arg>
<doc>Click the element identified by ``locator``.</doc>
<status status="PASS" start="2025-01-20T11:27:31.776243" elapsed="0.080659"/>
</kw>
<kw name="Wait Until Page Contains Element" owner="SeleniumLibrary">
<arg>//*[@id="register"]</arg>
<doc>Waits until the element ``locator`` appears on the current page.</doc>
<status status="PASS" start="2025-01-20T11:27:31.857232" elapsed="0.011486"/>
</kw>
<kw name="Wait Until Page Contains" owner="SeleniumLibrary">
<arg>Register</arg>
<doc>Waits until ``text`` appears on the current page.</doc>
<status status="PASS" start="2025-01-20T11:27:31.869021" elapsed="0.010090"/>
</kw>
<doc>Navigate to the register page.</doc>
<status status="PASS" start="2025-01-20T11:27:31.765016" elapsed="0.114185"/>
</kw>
<kw name="Switch ReCAPTCHA Keys And Test Registration" owner="keywords_demoqa">
<kw name="Create Session" owner="RequestsLibrary">
<msg time="2025-01-20T11:27:31.879655" level="INFO">Creating Session using : alias=mysession, url=https://demoqa.com, headers={},                     cookies={}, auth=None, timeout=None, proxies=None, verify=False,                     debug=0 </msg>
<arg>mysession</arg>
<arg>${BASE_URL_DMQ}</arg>
<doc>Create Session: create a HTTP session to a server</doc>
<status status="PASS" start="2025-01-20T11:27:31.879536" elapsed="0.000252"/>
</kw>
<kw name="POST On Session" owner="RequestsLibrary">
<msg time="2025-01-20T11:27:31.955915" level="INFO">POST Request : url=https://demoqa.com/api/recaptcha/set-keys 
 path_url=/api/recaptcha/set-keys 
 headers={'User-Agent': 'python-requests/2.32.3', 'Accept-Encoding': 'gzip, deflate', 'Accept': '*/*', 'Connection': 'keep-alive', 'Content-Length': '114', 'Content-Type': 'application/json'} 
 body=b'{"site_key": "6LeIxAcTAAAAAJcZVRqyHh71UMIEGNQ_MXjiZKhI", "secret_key": "6LeIxAcTAAAAAGG-vFI1TnRWxMZNFuojJ4WifJWe"}' 
 </msg>
<msg time="2025-01-20T11:27:31.956043" level="INFO">POST Response : url=https://demoqa.com/api/recaptcha/set-keys 
 status=404, reason=Not Found 
 headers={'Server': 'nginx/1.17.10 (Ubuntu)', 'Date': 'Mon, 20 Jan 2025 10:27:28 GMT', 'Content-Type': 'text/html; charset=utf-8', 'Transfer-Encoding': 'chunked', 'Connection': 'keep-alive', 'X-Powered-By': 'Express', 'Content-Security-Policy': "default-src 'none'", 'X-Content-Type-Options': 'nosniff', 'Content-Encoding': 'gzip'} 
 body=&lt;!DOCTYPE html&gt;
&lt;html lang="en"&gt;
&lt;head&gt;
&lt;meta charset="utf-8"&gt;
&lt;title&gt;Error&lt;/title&gt;
&lt;/head&gt;
&lt;body&gt;
&lt;pre&gt;Cannot POST /api/recaptcha/set-keys&lt;/pre&gt;
&lt;/body&gt;
&lt;/html&gt;
 
 </msg>
<msg time="2025-01-20T11:27:31.956171" level="INFO">C:\Users\Administrateur\AppData\Local\Programs\Python\Python313\Lib\site-packages\urllib3\connectionpool.py:1097: InsecureRequestWarning: Unverified HTTPS request is being made to host 'demoqa.com'. Adding certificate verification is strongly advised. See: https://urllib3.readthedocs.io/en/latest/advanced-usage.html#tls-warnings
  warnings.warn(</msg>
<msg time="2025-01-20T11:27:31.957171" level="FAIL">HTTPError: 404 Client Error: Not Found for url: https://demoqa.com/api/recaptcha/set-keys</msg>
<var>${response}</var>
<arg>mysession</arg>
<arg>${API_KEY_ENDPOINT}</arg>
<arg>json=&amp;{JSON_PAYLOAD}</arg>
<doc>Sends a POST request on a previously created HTTP Session.</doc>
<status status="FAIL" start="2025-01-20T11:27:31.879872" elapsed="0.079849">HTTPError: 404 Client Error: Not Found for url: https://demoqa.com/api/recaptcha/set-keys</status>
</kw>
<kw name="Should Be Equal As Strings" owner="BuiltIn">
<arg>${response.status_code}</arg>
<arg>200</arg>
<doc>Fails if objects are unequal after converting them to strings.</doc>
<status status="NOT RUN" start="2025-01-20T11:27:31.959984" elapsed="0.000042"/>
</kw>
<doc>Switch to testing keys via an API call and test the registration.</doc>
<status status="FAIL" start="2025-01-20T11:27:31.879339" elapsed="0.080887">HTTPError: 404 Client Error: Not Found for url: https://demoqa.com/api/recaptcha/set-keys</status>
</kw>
<kw name="Fill The Registration Form" owner="keywords_demoqa">
<doc>Fill the registration form.</doc>
<status status="NOT RUN" start="2025-01-20T11:27:31.960458" elapsed="4.069662"/>
</kw>
<kw name="Close Browser" owner="keywords_common">
<doc>Close the browser.</doc>
<status status="NOT RUN" start="2025-01-20T11:27:36.030710" elapsed="0.000132"/>
</kw>
<doc>Register a new user from the bookstore login page.</doc>
<status status="FAIL" start="2025-01-20T11:27:29.873302" elapsed="6.157937">HTTPError: 404 Client Error: Not Found for url: https://demoqa.com/api/recaptcha/set-keys</status>
</kw>
<status status="FAIL" start="2025-01-20T11:27:29.872565" elapsed="6.159661">HTTPError: 404 Client Error: Not Found for url: https://demoqa.com/api/recaptcha/set-keys</status>
</test>
<doc>Test cases for DemoQA</doc>
<status status="FAIL" start="2025-01-20T11:27:24.788161" elapsed="11.247530"/>
</suite>
<statistics>
<total>
<stat pass="1" fail="1" skip="0">All Tests</stat>
</total>
<tag>
</tag>
<suite>
<stat name="Test Demoqa" id="s1" pass="1" fail="1" skip="0">Test Demoqa</stat>
</suite>
</statistics>
<errors>
</errors>
</robot>
