<?xml version="1.0" encoding="UTF-8"?>
<robot generator="Robot 7.2 (Python 3.13.1 on win32)" generated="2025-01-17T13:36:58.458869" rpa="false" schemaversion="5">
<suite id="s1" name="Tests Amazon" source="C:\Users\Administrateur\Desktop\robot-framework-init\tests\tests_amazon.robot">
<test id="s1-t1" name="Login to website account" line="7">
<kw name="Open Website Homepage" owner="keywords_common">
<kw name="Open Browser" owner="SeleniumLibrary">
<msg time="2025-01-17T13:36:58.680515" level="INFO">Opening browser 'chrome' to base url 'https://www.amazon.fr'.</msg>
<arg>${url}</arg>
<arg>${BROWSER}</arg>
<doc>Opens a new browser instance to the optional ``url``.</doc>
<status status="PASS" start="2025-01-17T13:36:58.680356" elapsed="2.225374"/>
</kw>
<kw name="Maximize Browser Window" owner="SeleniumLibrary">
<doc>Maximizes current browser window.</doc>
<status status="PASS" start="2025-01-17T13:37:00.906205" elapsed="0.048639"/>
</kw>
<kw name="Wait Until Page Contains Element" owner="SeleniumLibrary">
<arg>css=body</arg>
<doc>Waits until the element ``locator`` appears on the current page.</doc>
<status status="PASS" start="2025-01-17T13:37:00.955066" elapsed="0.009695"/>
</kw>
<kw name="Wait Until Page Contains" owner="SeleniumLibrary">
<arg>text=${site_name}</arg>
<doc>Waits until ``text`` appears on the current page.</doc>
<status status="PASS" start="2025-01-17T13:37:00.964923" elapsed="0.031929"/>
</kw>
<arg>${BASE_URL}[amz]</arg>
<arg>${SITE_NAME}[amz]</arg>
<doc>Open the website homepage.</doc>
<status status="PASS" start="2025-01-17T13:36:58.679830" elapsed="2.317125"/>
</kw>
<kw name="Handle Cookies Banner" owner="keywords_common">
<kw name="Run Keyword And Return Status" owner="BuiltIn">
<kw name="Element Should Be Visible" owner="SeleniumLibrary">
<msg time="2025-01-17T13:37:01.091394" level="INFO">Element '//*[@id="sp-cc-accept"]' is displayed.</msg>
<arg>${cookie}</arg>
<doc>Verifies that the element identified by ``locator`` is visible.</doc>
<status status="PASS" start="2025-01-17T13:37:00.998148" elapsed="0.093334"/>
</kw>
<msg time="2025-01-17T13:37:01.091594" level="INFO">${is_cookie_displayed} = True</msg>
<var>${is_cookie_displayed}</var>
<arg>Element Should Be Visible</arg>
<arg>${cookie}</arg>
<doc>Runs the given keyword with given arguments and returns the status as a Boolean value.</doc>
<status status="PASS" start="2025-01-17T13:37:00.998024" elapsed="0.093601"/>
</kw>
<if>
<branch type="IF" condition="${is_cookie_displayed}">
<kw name="Handle Cookie Action" owner="keywords_common">
<kw name="Wait Until Page Contains Element" owner="SeleniumLibrary">
<arg>locator=${cookie_locator}</arg>
<doc>Waits until the element ``locator`` appears on the current page.</doc>
<status status="PASS" start="2025-01-17T13:37:01.092113" elapsed="0.007561"/>
</kw>
<kw name="Click Element" owner="SeleniumLibrary">
<msg time="2025-01-17T13:37:01.100046" level="INFO">Clicking element '//*[@id="sp-cc-accept"]'.</msg>
<arg>locator=${cookie_locator}</arg>
<doc>Click the element identified by ``locator``.</doc>
<status status="PASS" start="2025-01-17T13:37:01.099828" elapsed="0.097903"/>
</kw>
<arg>${cookie}</arg>
<doc>Perform the specified cookie action (accept/reject) using the given locator.</doc>
<status status="PASS" start="2025-01-17T13:37:01.091898" elapsed="0.106017"/>
</kw>
<status status="PASS" start="2025-01-17T13:37:01.091722" elapsed="0.106267"/>
</branch>
<status status="PASS" start="2025-01-17T13:37:01.091694" elapsed="0.106371"/>
</if>
<arg>${COOKIES_OK}[amz]</arg>
<doc>Handle cookies dynamically based on the provided action and cookie locator.</doc>
<status status="PASS" start="2025-01-17T13:37:00.997716" elapsed="0.200423"/>
</kw>
<kw name="Navigate To Login Page" owner="keywords_amazon">
<kw name="Wait Until Page Contains Element" owner="SeleniumLibrary">
<arg>locator=${LOGIN_LOCATOR}</arg>
<doc>Waits until the element ``locator`` appears on the current page.</doc>
<status status="PASS" start="2025-01-17T13:37:01.198807" elapsed="0.013384"/>
</kw>
<kw name="Click Element" owner="SeleniumLibrary">
<msg time="2025-01-17T13:37:01.212559" level="INFO">Clicking element '//*[@id="nav-link-accountList"]'.</msg>
<arg>locator=${LOGIN_LOCATOR}</arg>
<doc>Click the element identified by ``locator``.</doc>
<status status="PASS" start="2025-01-17T13:37:01.212353" elapsed="0.346105"/>
</kw>
<kw name="Wait Until Page Contains" owner="SeleniumLibrary">
<arg>text=${LOGIN_INPUT_NAME}</arg>
<doc>Waits until ``text`` appears on the current page.</doc>
<status status="PASS" start="2025-01-17T13:37:01.558624" elapsed="0.015418"/>
</kw>
<doc>Go to the login page</doc>
<status status="PASS" start="2025-01-17T13:37:01.198475" elapsed="0.375673"/>
</kw>
<kw name="Login" owner="keywords_amazon">
<kw name="Wait Until Page Contains Element" owner="SeleniumLibrary">
<msg time="2025-01-17T13:37:06.695220" level="INFO" html="true">&lt;/td&gt;&lt;/tr&gt;&lt;tr&gt;&lt;td colspan="3"&gt;&lt;a href="selenium-screenshot-62.png"&gt;&lt;img src="selenium-screenshot-62.png" width="800px"&gt;&lt;/a&gt;</msg>
<msg time="2025-01-17T13:37:06.695520" level="FAIL">Element '//input[@id='ap_email']' did not appear in 5 seconds.</msg>
<arg>locator=${LOGIN_INPUT}[amz]</arg>
<doc>Waits until the element ``locator`` appears on the current page.</doc>
<status status="FAIL" start="2025-01-17T13:37:01.574902" elapsed="5.124479">Element '//input[@id='ap_email']' did not appear in 5 seconds.</status>
</kw>
<doc>Login with given credentials on Amazon</doc>
<status status="FAIL" start="2025-01-17T13:37:01.574647" elapsed="5.125016">Element '//input[@id='ap_email']' did not appear in 5 seconds.</status>
</kw>
<doc>This test opens Amazon, accept the cookies,and login into their account</doc>
<status status="FAIL" start="2025-01-17T13:36:58.679022" elapsed="8.021359">Element '//input[@id='ap_email']' did not appear in 5 seconds.</status>
</test>
<doc>Test case to login to Amazon account.</doc>
<status status="FAIL" start="2025-01-17T13:36:58.459963" elapsed="8.242389"/>
</suite>
<statistics>
<total>
<stat pass="0" fail="1" skip="0">All Tests</stat>
</total>
<tag>
</tag>
<suite>
<stat name="Tests Amazon" id="s1" pass="0" fail="1" skip="0">Tests Amazon</stat>
</suite>
</statistics>
<errors>
</errors>
</robot>
